<?xml version="1.0" encoding="UTF-8"?>
<!-- Generated by org.testng.reporters.JUnitReportReporter -->
<testsuite skipped="0" hostname="MSC-PC04L71H" name="parameters.ParameterizationConcept" tests="1" failures="0" timestamp="05 Aug 2019 18:20:55 GMT" time="5.464" errors="0">
  <testcase name="setUp" time="5.464" classname="parameters.ParameterizationConcept"/>
</testsuite> <!-- parameters.ParameterizationConcept -->
