<?xml version="1.0" encoding="UTF-8"?>
<!-- Generated by org.testng.reporters.JUnitReportReporter -->
<testsuite skipped="0" hostname="MSC-PC04L71H" name="com.test.invocationCountTest" tests="10" failures="0" timestamp="26 Jul 2019 16:22:41 GMT" time="0.037" errors="0">
  <testcase name="sum" time="0.002" classname="com.test.invocationCountTest"/>
  <testcase name="sum" time="0.008" classname="com.test.invocationCountTest"/>
  <testcase name="sum" time="0.002" classname="com.test.invocationCountTest"/>
  <testcase name="sum" time="0.004" classname="com.test.invocationCountTest"/>
  <testcase name="sum" time="0.002" classname="com.test.invocationCountTest"/>
  <testcase name="sum" time="0.001" classname="com.test.invocationCountTest"/>
  <testcase name="sum" time="0.002" classname="com.test.invocationCountTest"/>
  <testcase name="sum" time="0.004" classname="com.test.invocationCountTest"/>
  <testcase name="sum" time="0.006" classname="com.test.invocationCountTest"/>
  <testcase name="sum" time="0.006" classname="com.test.invocationCountTest"/>
</testsuite> <!-- com.test.invocationCountTest -->
