<?xml version="1.0" encoding="UTF-8"?>
<!-- Generated by org.testng.reporters.JUnitReportReporter -->
<testsuite skipped="0" hostname="MSC-PC04L71H" name="com.test.invocationCountTest" tests="10" failures="0" timestamp="30 Jul 2019 20:32:21 GMT" time="0.033" errors="0">
  <testcase name="sum" time="0.015" classname="com.test.invocationCountTest"/>
  <testcase name="sum" time="0.016" classname="com.test.invocationCountTest"/>
  <testcase name="sum" time="0.000" classname="com.test.invocationCountTest"/>
  <testcase name="sum" time="0.000" classname="com.test.invocationCountTest"/>
  <testcase name="sum" time="0.000" classname="com.test.invocationCountTest"/>
  <testcase name="sum" time="0.002" classname="com.test.invocationCountTest"/>
  <testcase name="sum" time="0.000" classname="com.test.invocationCountTest"/>
  <testcase name="sum" time="0.000" classname="com.test.invocationCountTest"/>
  <testcase name="sum" time="0.000" classname="com.test.invocationCountTest"/>
  <testcase name="sum" time="0.000" classname="com.test.invocationCountTest"/>
</testsuite> <!-- com.test.invocationCountTest -->
