<?xml version="1.0" encoding="UTF-8"?>
<!-- Generated by org.testng.reporters.JUnitReportReporter -->
<testsuite skipped="0" hostname="MSC-PC04L71H" name="com.test.TestNGBasics2" tests="3" failures="0" timestamp="14 Aug 2019 19:32:43 GMT" time="0.025" errors="0">
  <testcase name="googleLogoTest" time="0.009" classname="com.test.TestNGBasics2"/>
  <testcase name="googleTitleTest" time="0.010" classname="com.test.TestNGBasics2"/>
  <testcase name="searchTest" time="0.006" classname="com.test.TestNGBasics2"/>
</testsuite> <!-- com.test.TestNGBasics2 -->
