<?xml version="1.0" encoding="UTF-8"?>
<!-- Generated by org.testng.reporters.JUnitReportReporter -->
<testsuite skipped="0" hostname="MSC-PC04L71H" name="com.test.TestNGBasics" tests="3" failures="0" timestamp="06 Aug 2019 18:19:18 GMT" time="0.033" errors="0">
  <testcase name="googleTitleTest" time="0.016" classname="com.test.TestNGBasics"/>
  <testcase name="searchTest" time="0.005" classname="com.test.TestNGBasics"/>
  <testcase name="googleLogoTest" time="0.012" classname="com.test.TestNGBasics"/>
</testsuite> <!-- com.test.TestNGBasics -->
