<?xml version="1.0" encoding="UTF-8"?>
<!-- Generated by org.testng.reporters.JUnitReportReporter -->
<testsuite skipped="0" hostname="MSC-PC04L71H" name="com.test.TestNGBasics3" tests="3" failures="0" timestamp="30 Jul 2019 20:32:21 GMT" time="0.000" errors="0">
  <testcase name="searchTest" time="0.000" classname="com.test.TestNGBasics3"/>
  <testcase name="googleTitleTest" time="0.000" classname="com.test.TestNGBasics3"/>
  <testcase name="googleLogoTest" time="0.000" classname="com.test.TestNGBasics3"/>
</testsuite> <!-- com.test.TestNGBasics3 -->
