<?xml version="1.0" encoding="UTF-8"?>
<!-- Generated by org.testng.reporters.JUnitReportReporter -->
<testsuite skipped="0" hostname="MSC-PC04L71H" name="com.test.TestNGBasics3" tests="3" failures="0" timestamp="06 Aug 2019 18:19:18 GMT" time="0.011" errors="0">
  <testcase name="googleLogoTest" time="0.002" classname="com.test.TestNGBasics3"/>
  <testcase name="googleTitleTest" time="0.003" classname="com.test.TestNGBasics3"/>
  <testcase name="searchTest" time="0.006" classname="com.test.TestNGBasics3"/>
</testsuite> <!-- com.test.TestNGBasics3 -->
