<?xml version="1.0" encoding="UTF-8"?>
<!-- Generated by org.testng.reporters.JUnitReportReporter -->
<testsuite skipped="0" hostname="MSC-PC04L71H" name="com.test.TestNGBasics" tests="3" failures="0" timestamp="30 Jul 2019 20:32:21 GMT" time="0.014" errors="0">
  <testcase name="googleLogoTest" time="0.003" classname="com.test.TestNGBasics"/>
  <testcase name="googleTitleTest" time="0.009" classname="com.test.TestNGBasics"/>
  <testcase name="searchTest" time="0.002" classname="com.test.TestNGBasics"/>
</testsuite> <!-- com.test.TestNGBasics -->
