<?xml version="1.0" encoding="UTF-8"?>
<!-- Generated by org.testng.reporters.JUnitReportReporter -->
<testsuite skipped="0" hostname="MSC-PC04L71H" name="com.test.testNGFeatures" tests="4" failures="0" timestamp="05 Aug 2019 16:40:59 GMT" time="0.020" errors="0">
  <testcase name="regPageTest" time="0.000" classname="com.test.testNGFeatures"/>
  <testcase name="loginTest" time="0.016" classname="com.test.testNGFeatures"/>
  <testcase name="searchPageTest" time="0.000" classname="com.test.testNGFeatures"/>
  <testcase name="homePageTest" time="0.004" classname="com.test.testNGFeatures"/>
</testsuite> <!-- com.test.testNGFeatures -->
