<?xml version="1.0" encoding="UTF-8"?>
<!-- Generated by org.testng.reporters.JUnitReportReporter -->
<testsuite skipped="0" hostname="MSC-PC04L71H" name="com.test.testNGFeatures" tests="4" failures="0" timestamp="30 Jul 2019 20:32:21 GMT" time="0.000" errors="0">
  <testcase name="homePageTest" time="0.000" classname="com.test.testNGFeatures"/>
  <testcase name="loginTest" time="0.000" classname="com.test.testNGFeatures"/>
  <testcase name="regPageTest" time="0.000" classname="com.test.testNGFeatures"/>
  <testcase name="searchPageTest" time="0.000" classname="com.test.testNGFeatures"/>
</testsuite> <!-- com.test.testNGFeatures -->
