<?xml version="1.0" encoding="UTF-8"?>
<!-- Generated by org.testng.reporters.JUnitReportReporter -->
<testsuite skipped="0" hostname="MSC-PC04L71H" name="com.test.TestNGBasics" tests="3" failures="0" timestamp="14 Aug 2019 19:33:23 GMT" time="0.013" errors="0">
  <testcase name="searchTest" time="0.005" classname="com.test.TestNGBasics"/>
  <testcase name="googleLogoTest" time="0.005" classname="com.test.TestNGBasics"/>
  <testcase name="googleTitleTest" time="0.003" classname="com.test.TestNGBasics"/>
</testsuite> <!-- com.test.TestNGBasics -->
