<?xml version="1.0" encoding="UTF-8"?>
<!-- Generated by org.testng.reporters.JUnitReportReporter -->
<testsuite skipped="1" hostname="MSC-PC04L71H" name="com.test.testNGFeatures" tests="4" failures="0" timestamp="14 Aug 2019 19:33:23 GMT" time="0.004" errors="0">
  <testcase name="regPageTest" time="0.001" classname="com.test.testNGFeatures"/>
  <testcase name="loginTest" time="0.002" classname="com.test.testNGFeatures"/>
  <testcase name="searchPageTest" time="0.001" classname="com.test.testNGFeatures"/>
  <testcase name="homePageTest" classname="com.test.testNGFeatures">
    <skipped/>
  </testcase> <!-- homePageTest -->
</testsuite> <!-- com.test.testNGFeatures -->
